  Скопировано файлов:         1.
  Скопировано файлов:         1.
  Скопировано файлов:         1.
  Скопировано файлов:         1.
  Скопировано файлов:         1.
  Скопировано файлов:         1.
  Подпапка или файл C:\Users\Daniil\Desktop\IT_Lessons\C_plus_48_2\Final Lesson\oopcircle\x64\Debug Dynamic\resources уже существует.
  C:\Users\Daniil\Desktop\IT_Lessons\C_plus_48_2\Final Lesson\oopcircle\resources\ball.wav
  C:\Users\Daniil\Desktop\IT_Lessons\C_plus_48_2\Final Lesson\oopcircle\resources\sansation.ttf
  Скопировано файлов:         2.
  main.cpp
c:\users\daniil\desktop\it_lessons\c_plus_48_2\final lesson\oopcircle\main.cpp(14): warning C4244: аргумент: преобразование "int" в "float", возможна потеря данных
c:\users\daniil\desktop\it_lessons\c_plus_48_2\final lesson\oopcircle\main.cpp(30): warning C4244: аргумент: преобразование "double" в "T", возможна потеря данных
          with
          [
              T=float
          ]
c:\users\daniil\desktop\it_lessons\c_plus_48_2\final lesson\oopcircle\main.cpp(33): warning C4244: аргумент: преобразование "double" в "T", возможна потеря данных
          with
          [
              T=float
          ]
c:\users\daniil\desktop\it_lessons\c_plus_48_2\final lesson\oopcircle\main.cpp(36): warning C4244: аргумент: преобразование "double" в "T", возможна потеря данных
          with
          [
              T=float
          ]
c:\users\daniil\desktop\it_lessons\c_plus_48_2\final lesson\oopcircle\main.cpp(39): warning C4244: аргумент: преобразование "double" в "T", возможна потеря данных
          with
          [
              T=float
          ]
c:\users\daniil\desktop\it_lessons\c_plus_48_2\final lesson\oopcircle\main.cpp(95): warning C4244: =: преобразование "T" в "int", возможна потеря данных
          with
          [
              T=float
          ]
c:\users\daniil\desktop\it_lessons\c_plus_48_2\final lesson\oopcircle\main.cpp(96): warning C4244: =: преобразование "T" в "int", возможна потеря данных
          with
          [
              T=float
          ]
c:\users\daniil\desktop\it_lessons\c_plus_48_2\final lesson\oopcircle\main.cpp(97): warning C4244: =: преобразование "T" в "int", возможна потеря данных
          with
          [
              T=float
          ]
c:\users\daniil\desktop\it_lessons\c_plus_48_2\final lesson\oopcircle\main.cpp(98): warning C4244: =: преобразование "T" в "int", возможна потеря данных
          with
          [
              T=float
          ]
c:\users\daniil\desktop\it_lessons\c_plus_48_2\final lesson\oopcircle\main.cpp(100): warning C4244: =: преобразование "T" в "int", возможна потеря данных
          with
          [
              T=float
          ]
c:\users\daniil\desktop\it_lessons\c_plus_48_2\final lesson\oopcircle\main.cpp(101): warning C4244: =: преобразование "T" в "int", возможна потеря данных
          with
          [
              T=float
          ]
c:\users\daniil\desktop\it_lessons\c_plus_48_2\final lesson\oopcircle\main.cpp(102): warning C4244: =: преобразование "T" в "int", возможна потеря данных
          with
          [
              T=float
          ]
c:\users\daniil\desktop\it_lessons\c_plus_48_2\final lesson\oopcircle\main.cpp(103): warning C4244: =: преобразование "T" в "int", возможна потеря данных
          with
          [
              T=float
          ]
  oopcircle.vcxproj -> C:\Users\Daniil\Desktop\IT_Lessons\C_plus_48_2\Final Lesson\oopcircle\x64\Debug Dynamic\oopcircle.exe
